[debug] [2019-09-18T09:02:20.236Z] ----------------------------------------------------------------------
[debug] [2019-09-18T09:02:20.238Z] Command:       C:\Program Files\nodejs\node.exe C:\Users\marti\AppData\Roaming\npm\node_modules\firebase-tools\lib\bin\firebase.js init
[debug] [2019-09-18T09:02:20.238Z] CLI Version:   7.3.2
[debug] [2019-09-18T09:02:20.238Z] Platform:      win32
[debug] [2019-09-18T09:02:20.238Z] Node Version:  v10.16.3
[debug] [2019-09-18T09:02:20.239Z] Time:          Wed Sep 18 2019 11:02:20 GMT+0200 (GMT+02:00)
[debug] [2019-09-18T09:02:20.239Z] ----------------------------------------------------------------------
[debug] 
[debug] [2019-09-18T09:02:20.248Z] > command requires scopes: ["email","openid","https://www.googleapis.com/auth/cloudplatformprojects.readonly","https://www.googleapis.com/auth/firebase","https://www.googleapis.com/auth/cloud-platform"]
[debug] [2019-09-18T09:02:20.249Z] > authorizing via signed-in user
[info] 
     ######## #### ########  ######## ########     ###     ######  ########
     ##        ##  ##     ## ##       ##     ##  ##   ##  ##       ##
     ######    ##  ########  ######   ########  #########  ######  ######
     ##        ##  ##    ##  ##       ##     ## ##     ##       ## ##
     ##       #### ##     ## ######## ########  ##     ##  ######  ########

You're about to initialize a Firebase project in this directory:

  C:\Users\marti\StudioProjects\beerpro_martin

Before we get started, keep in mind:

  * You are initializing in an existing Firebase project directory

[info] 
=== Project Setup
[info] 
[info] First, let's associate this project directory with a Firebase project.
[info] You can create multiple project aliases by running firebase use --add, 
[info] but for now we'll just set up a default project.
[info] 
[debug] [2019-09-18T09:04:54.277Z] > refreshing access token with scopes: ["email","https://www.googleapis.com/auth/cloud-platform","https://www.googleapis.com/auth/cloudplatformprojects.readonly","https://www.googleapis.com/auth/firebase","openid"]
[debug] [2019-09-18T09:04:54.277Z] >>> HTTP REQUEST POST https://www.googleapis.com/oauth2/v3/token  
 <request body omitted>
[debug] [2019-09-18T09:04:54.421Z] <<< HTTP RESPONSE 200
[debug] [2019-09-18T09:04:54.444Z] >>> HTTP REQUEST GET https://firebase.googleapis.com/v1beta1/projects?pageSize=100  
 
[debug] [2019-09-18T09:04:54.742Z] <<< HTTP RESPONSE 200
[info] i  Using project mge-mhug-hs2019-beerpro (mge-mhug-hs2019-beerpro)
[info] 
=== Firestore Setup
[debug] [2019-09-18T09:04:58.355Z] > command requires scopes: ["email","openid","https://www.googleapis.com/auth/cloudplatformprojects.readonly","https://www.googleapis.com/auth/firebase","https://www.googleapis.com/auth/cloud-platform"]
[debug] [2019-09-18T09:04:58.357Z] > authorizing via signed-in user
[debug] [2019-09-18T09:04:58.358Z] >>> HTTP REQUEST GET https://firebase.googleapis.com/v1beta1/projects/mge-mhug-hs2019-beerpro  
 
[debug] [2019-09-18T09:04:58.585Z] <<< HTTP RESPONSE 200
[info] 
[info] Firestore Security Rules allow you to define how and when to allow
[info] requests. You can keep these rules in your project directory
[info] and publish them with firebase deploy.
[info] 
[debug] [2019-09-18T09:06:29.284Z] >>> HTTP REQUEST GET https://firebaserules.googleapis.com/v1/projects/mge-mhug-hs2019-beerpro/releases?pageSize=10&pageToken=  
 
[debug] [2019-09-18T09:06:29.553Z] <<< HTTP RESPONSE 200
[debug] [2019-09-18T09:06:29.556Z] Found ruleset: projects/mge-mhug-hs2019-beerpro/rulesets/ca3885bc-1cd3-4081-a069-9d4f710291b0
[debug] [2019-09-18T09:06:29.557Z] >>> HTTP REQUEST GET https://firebaserules.googleapis.com/v1/projects/mge-mhug-hs2019-beerpro/rulesets/ca3885bc-1cd3-4081-a069-9d4f710291b0  
 
[debug] [2019-09-18T09:06:30.389Z] <<< HTTP RESPONSE 200
[debug] [2019-09-18T09:06:30.539Z] Error: EISDIR: illegal operation on a directory, open 'C:\Users\marti\StudioProjects\beerpro_martin'
    at Object.openSync (fs.js:443:3)
    at Object.writeFileSync (fs.js:1194:35)
    at Config.writeProjectFile (C:\Users\marti\AppData\Roaming\npm\node_modules\firebase-tools\lib\config.js:179:8)
    at getRulesFromConsole.then (C:\Users\marti\AppData\Roaming\npm\node_modules\firebase-tools\lib\init\features\firestore\rules.js:55:31)
    at process._tickCallback (internal/process/next_tick.js:68:7)
[error] 
[error] Error: An unexpected error has occurred.
